Unity Editor version:    2020.3.25f1 (9b9180224418)
Branch:                  2020.3/staging
Build type:              Release
Batch mode:              YES
macOS version:           Version 11.6.2 (Build 20G314)
Darwin version:          20.6.0
Architecture:            x86_64
Running under Rosetta:   YES
Available memory:        8192 MB
Using pre-set license
Pro License: NO

COMMAND LINE ARGUMENTS:
/Applications/Unity/Hub/Editor/2020.3.25f1/Unity.app/Contents/MacOS/Unity
-adb2
-batchMode
-noUpm
-name
AssetImportWorker0
-projectPath
/Users/praise/Documents/Programmers work/Unity/NFT-lounge
-logFile
Logs/AssetImportWorker0.log
-srvPort
49175
Successfully changed project path to: /Users/praise/Documents/Programmers work/Unity/NFT-lounge
/Users/praise/Documents/Programmers work/Unity/NFT-lounge
Using Asset Import Pipeline V2.
Refreshing native plugins compatible for Editor in 110.91 ms, found 6 plugins.
Preloading 0 native plugins for Editor in 0.00 ms.
Initialize engine version: 2020.3.25f1 (9b9180224418)
[Subsystems] Discovering subsystems at path /Applications/Unity/Hub/Editor/2020.3.25f1/Unity.app/Contents/Resources/UnitySubsystems
[Subsystems] Discovering subsystems at path /Users/praise/Documents/Programmers work/Unity/NFT-lounge/Assets
GfxDevice: creating device client; threaded=0
2022-01-31 21:16:38.838 Unity[5235:133629] (null) preferred device: Apple M1 (high power)
2022-01-31 21:16:38.838 Unity[5235:133629] Metal devices available: 1
2022-01-31 21:16:38.838 Unity[5235:133629] 0: Apple M1 (high power)
2022-01-31 21:16:38.838 Unity[5235:133629] Using device Apple M1 (high power)
Initializing Metal device caps: Apple M1
Initialize mono
Mono path[0] = '/Applications/Unity/Hub/Editor/2020.3.25f1/Unity.app/Contents/Managed'
Mono path[1] = '/Applications/Unity/Hub/Editor/2020.3.25f1/Unity.app/Contents/MonoBleedingEdge/lib/mono/unityjit'
Mono config path = '/Applications/Unity/Hub/Editor/2020.3.25f1/Unity.app/Contents/MonoBleedingEdge/etc'
Using monoOptions --debugger-agent=transport=dt_socket,embedding=1,server=y,suspend=n,address=127.0.0.1:56235
Begin MonoManager ReloadAssembly
Registering precompiled unity dll's ...
Register platform support module: /Applications/Unity/Hub/Editor/2020.3.25f1/PlaybackEngines/WebGLSupport/UnityEditor.WebGL.Extensions.dll
Register platform support module: /Applications/Unity/Hub/Editor/2020.3.25f1/Unity.app/Contents/PlaybackEngines/MacStandaloneSupport/UnityEditor.OSXStandalone.Extensions.dll
Register platform support module: /Applications/Unity/Hub/Editor/2020.3.25f1/PlaybackEngines/WindowsStandaloneSupport/UnityEditor.WindowsStandalone.Extensions.dll
Register platform support module: /Applications/Unity/Hub/Editor/2020.3.25f1/PlaybackEngines/LinuxStandaloneSupport/UnityEditor.LinuxStandalone.Extensions.dll
Register platform support module: /Applications/Unity/Hub/Editor/2020.3.25f1/PlaybackEngines/LuminSupport/UnityEditor.Lumin.Extensions.dll
Registered in 0.003301 seconds.
Native extension for Lumin target not found
Native extension for LinuxStandalone target not found
Native extension for WindowsStandalone target not found
Native extension for OSXStandalone target not found
Native extension for WebGL target not found
Refreshing native plugins compatible for Editor in 59.09 ms, found 6 plugins.
Preloading 0 native plugins for Editor in 0.00 ms.
Mono: successfully reloaded assembly
- Completed reload, in  1.549 seconds
Domain Reload Profiling:
	ReloadAssembly (1550ms)
		BeginReloadAssembly (107ms)
			ExecutionOrderSort (0ms)
			DisableScriptedObjects (0ms)
			BackupInstance (0ms)
			ReleaseScriptingObjects (0ms)
			CreateAndSetChildDomain (3ms)
		EndReloadAssembly (1299ms)
			LoadAssemblies (109ms)
			RebuildTransferFunctionScriptingTraits (0ms)
			SetupTypeCache (216ms)
			ReleaseScriptCaches (0ms)
			RebuildScriptCaches (49ms)
			SetupLoadedEditorAssemblies (693ms)
				LogAssemblyErrors (0ms)
				InitializePlatformSupportModulesInManaged (21ms)
				SetLoadedEditorAssemblies (1ms)
				RefreshPlugins (59ms)
				BeforeProcessingInitializeOnLoad (105ms)
				ProcessInitializeOnLoadAttributes (377ms)
				ProcessInitializeOnLoadMethodAttributes (127ms)
				AfterProcessingInitializeOnLoad (0ms)
				EditorAssembliesLoaded (2ms)
			ExecutionOrderSort2 (0ms)
			AwakeInstancesAfterBackupRestoration (0ms)
Platform modules already initialized, skipping
Registering precompiled user dll's ...
Registered in 0.009761 seconds.
Begin MonoManager ReloadAssembly
Native extension for Lumin target not found
Native extension for LinuxStandalone target not found
Native extension for WindowsStandalone target not found
Native extension for OSXStandalone target not found
Native extension for WebGL target not found
Refreshing native plugins compatible for Editor in 1.54 ms, found 6 plugins.
Preloading 0 native plugins for Editor in 0.00 ms.
Mono: successfully reloaded assembly
- Completed reload, in  2.648 seconds
Domain Reload Profiling:
	ReloadAssembly (2652ms)
		BeginReloadAssembly (319ms)
			ExecutionOrderSort (0ms)
			DisableScriptedObjects (37ms)
			BackupInstance (0ms)
			ReleaseScriptingObjects (0ms)
			CreateAndSetChildDomain (48ms)
		EndReloadAssembly (2223ms)
			LoadAssemblies (240ms)
			RebuildTransferFunctionScriptingTraits (0ms)
			SetupTypeCache (416ms)
			ReleaseScriptCaches (1ms)
			RebuildScriptCaches (73ms)
			SetupLoadedEditorAssemblies (1190ms)
				LogAssemblyErrors (0ms)
				InitializePlatformSupportModulesInManaged (23ms)
				SetLoadedEditorAssemblies (3ms)
				RefreshPlugins (2ms)
				BeforeProcessingInitializeOnLoad (248ms)
				ProcessInitializeOnLoadAttributes (871ms)
				ProcessInitializeOnLoadMethodAttributes (42ms)
				AfterProcessingInitializeOnLoad (1ms)
				EditorAssembliesLoaded (1ms)
			ExecutionOrderSort2 (0ms)
			AwakeInstancesAfterBackupRestoration (35ms)
Platform modules already initialized, skipping
Validating Project structure ... 0.033782 seconds.
Shader import version has changed; will reimport all shaders...
Upgrading shader files ...0.069979 seconds.
Application.AssetDatabase Initial Script Refresh Start
RefreshInfo: InitialScriptRefreshV2(NoUpdateAssetOptions) scanfilter:  ... 1 filters
RefreshProfiler: Total: 0.000ms
Application.AssetDatabase Initial Script Refresh End
Application.AssetDatabase.Refresh Start
Application.AssetDatabase.Refresh End
RefreshInfo: StopAssetImportingV2(ForceSynchronousImport) scanfilter: 
RefreshProfiler: Total: 0.000ms
Launching external process: /Applications/Unity/Hub/Editor/2020.3.25f1/Unity.app/Contents/Tools/UnityShaderCompiler
Launched and connected shader compiler UnityShaderCompiler after 0.04 seconds
Initializing Unity extensions:
========================================================================
Worker process is ready to serve import requests
Refreshing native plugins compatible for Editor in 1.31 ms, found 6 plugins.
Preloading 0 native plugins for Editor in 0.00 ms.
Unloading 2310 Unused Serialized files (Serialized files now loaded: 0)
System memory in use before: 212.0 MB.
System memory in use after: 210.4 MB.

Unloading 484 unused Assets to reduce memory usage. Loaded Objects now: 2667.
Total: 3.883916 ms (FindLiveObjects: 0.341958 ms CreateObjectMapping: 0.087542 ms MarkObjects: 2.700291 ms  DeleteObjects: 0.752625 ms)

AssetImportParameters requested are different than current active one (requested -> active):
  custom:video-decoder-ogg-theora: a1e56fd34408186e4bbccfd4996cb3dc -> 
  custom:container-muxer-webm: aa71ff27fc2769a1b78a27578f13a17b -> 
  custom:container-demuxer-webm: 4f35f7cbe854078d1ac9338744f61a02 -> 
  custom:container-demuxer-ogg: 62fdf1f143b41e24485cea50d1cbac27 -> 
  custom:video-encoder-webm-vp8: eb34c28f22e8b96e1ab97ce403110664 -> 
  custom:framework-osx-AVFoundation: e770b220cccbd017edd2c1fefb359320 -> 
  custom:video-decoder-webm-vp8: 9c59270c3fd7afecdb556c50c9e8de78 -> 
  custom:audio-decoder-ogg-vorbis: bf7c407c2cedff20999df2af8eb42d56 -> 
  custom:audio-encoder-webm-vorbis: bf7c407c2cedff20999df2af8eb42d56 -> 
========================================================================
Received Import Request.
  path: Assets/Character:FBX/aj.fbx
  artifactKey: Guid(aed610072021345eb87a2c50cfb5c5c1) Importer(815301076,1909f56bfc062723c751e8b465ee728b)
Start importing Assets/Character:FBX/aj.fbx using Guid(aed610072021345eb87a2c50cfb5c5c1) Importer(815301076,1909f56bfc062723c751e8b465ee728b)  -> (artifact id: '070d6e972749b5357c6235e5b0d9e85d') in 2.131795 seconds 
  Import took 2.146165 seconds .

========================================================================
Received Import Request.
  Time since last request: 0.000524 seconds.
  path: Assets/Character:FBX/animations for aj/aj@Walking Backwards.fbx
  artifactKey: Guid(fbf4ab24ef9664ee694811f95d5d8b7f) Importer(815301076,1909f56bfc062723c751e8b465ee728b)
Start importing Assets/Character:FBX/animations for aj/aj@Walking Backwards.fbx using Guid(fbf4ab24ef9664ee694811f95d5d8b7f) Importer(815301076,1909f56bfc062723c751e8b465ee728b)  -> (artifact id: 'd32b04e565af4f7ec789897625183d67') in 0.010341 seconds 
  Import took 0.015112 seconds .

========================================================================
Received Import Request.
  Time since last request: 0.000483 seconds.
  path: Assets/Photon/PhotonUnityNetworking/Demos/DemoSlotRacer/Kenney Assets/Racing Kit/Models/billboardLower.fbx
  artifactKey: Guid(271d69ba92e5ec94eaa3779f0ea4ce47) Importer(815301076,1909f56bfc062723c751e8b465ee728b)
Start importing Assets/Photon/PhotonUnityNetworking/Demos/DemoSlotRacer/Kenney Assets/Racing Kit/Models/billboardLower.fbx using Guid(271d69ba92e5ec94eaa3779f0ea4ce47) Importer(815301076,1909f56bfc062723c751e8b465ee728b)  -> (artifact id: '027de23bf2cde4cf8db0fa1bac202a08') in 0.033147 seconds 
  Import took 0.037820 seconds .

========================================================================
Received Import Request.
  Time since last request: 0.000305 seconds.
  path: Assets/Character:FBX/animations for aj/aj@Walking.fbx
  artifactKey: Guid(fdfcb60cc8e6e404399552be9cb98eb3) Importer(815301076,1909f56bfc062723c751e8b465ee728b)
Start importing Assets/Character:FBX/animations for aj/aj@Walking.fbx using Guid(fdfcb60cc8e6e404399552be9cb98eb3) Importer(815301076,1909f56bfc062723c751e8b465ee728b)  -> (artifact id: 'fdcd638df25367b2c6bf732f7447e604') in 0.010028 seconds 
  Import took 0.013210 seconds .

========================================================================
Received Import Request.
  Time since last request: 0.000284 seconds.
  path: Assets/Character:FBX/animations for aj/aj@Jump.fbx
  artifactKey: Guid(c86349bf28cd9471a8dfe50f710c6ac6) Importer(815301076,1909f56bfc062723c751e8b465ee728b)
Start importing Assets/Character:FBX/animations for aj/aj@Jump.fbx using Guid(c86349bf28cd9471a8dfe50f710c6ac6) Importer(815301076,1909f56bfc062723c751e8b465ee728b)  -> (artifact id: '848bc75cb27f7dc579dd5829067177a2') in 0.009396 seconds 
  Import took 0.014460 seconds .

========================================================================
Received Import Request.
  Time since last request: 0.002100 seconds.
  path: Assets/Photon/PhotonVoice/Demos/DemoVoicePun/Resources/Boy.prefab
  artifactKey: Guid(4e5a0d387dc27394b81600988ad0216f) Importer(815301076,1909f56bfc062723c751e8b465ee728b)
Start importing Assets/Photon/PhotonVoice/Demos/DemoVoicePun/Resources/Boy.prefab using Guid(4e5a0d387dc27394b81600988ad0216f) Importer(815301076,1909f56bfc062723c751e8b465ee728b)  -> (artifact id: 'f11d729ee845d9dc13beb2cdba8a73b2') in 0.422049 seconds 
  Import took 0.431523 seconds .

========================================================================
Received Import Request.
  Time since last request: 0.000272 seconds.
  path: Assets/Photon/PhotonUnityNetworking/Demos/DemoAsteroids/Resources/BigAsteroid.prefab
  artifactKey: Guid(15f43343ba0a60e47a63d28496373c3f) Importer(815301076,1909f56bfc062723c751e8b465ee728b)
Start importing Assets/Photon/PhotonUnityNetworking/Demos/DemoAsteroids/Resources/BigAsteroid.prefab using Guid(15f43343ba0a60e47a63d28496373c3f) Importer(815301076,1909f56bfc062723c751e8b465ee728b)  -> (artifact id: '0d9e104f48f4af9ad40b5db4eb9e6769') in 0.122770 seconds 
  Import took 0.127805 seconds .

========================================================================
Received Import Request.
  Time since last request: 0.000409 seconds.
  path: Assets/Web3Unity/Prefabs/EVM/BlockNumber.prefab
  artifactKey: Guid(0ea8b8dbd7bd94937937309e32c60589) Importer(815301076,1909f56bfc062723c751e8b465ee728b)
Start importing Assets/Web3Unity/Prefabs/EVM/BlockNumber.prefab using Guid(0ea8b8dbd7bd94937937309e32c60589) Importer(815301076,1909f56bfc062723c751e8b465ee728b)  -> (artifact id: 'ceb887b1a65221702b3898483cdb0832') in 0.003510 seconds 
  Import took 0.006275 seconds .

========================================================================
Received Import Request.
  Time since last request: 366.741575 seconds.
  path: Assets/Photon/PhotonVoice/Demos/DemoVoiceUI/Media/Chaoserate.mp3
  artifactKey: Guid(2b6a49e3ffdbf734ea066f1df3d24d3e) Importer(815301076,1909f56bfc062723c751e8b465ee728b)
Start importing Assets/Photon/PhotonVoice/Demos/DemoVoiceUI/Media/Chaoserate.mp3 using Guid(2b6a49e3ffdbf734ea066f1df3d24d3e) Importer(815301076,1909f56bfc062723c751e8b465ee728b)  -> (artifact id: 'ce13eb125d4e6c0de293eee390f517eb') in 0.728265 seconds 
  Import took 0.785463 seconds .

========================================================================
Received Import Request.
  Time since last request: 0.000270 seconds.
  path: Assets/Photon/PhotonVoice/Demos/DemoVoicePun/Audio/Reminder-public_d-291_hifi.mp3
  artifactKey: Guid(dd2973535af1c6a4a9c18e0973520b42) Importer(815301076,1909f56bfc062723c751e8b465ee728b)
Start importing Assets/Photon/PhotonVoice/Demos/DemoVoicePun/Audio/Reminder-public_d-291_hifi.mp3 using Guid(dd2973535af1c6a4a9c18e0973520b42) Importer(815301076,1909f56bfc062723c751e8b465ee728b)  -> (artifact id: '010c736d67c0eaa205c914af1826823d') in 0.009601 seconds 
  Import took 0.013990 seconds .

========================================================================
Received Import Request.
  Time since last request: 0.000322 seconds.
  path: Assets/Photon/PhotonVoice/Demos/DemoVoiceUI/Media/OSR_us_000_0060_8k.wav
  artifactKey: Guid(1c04c1800b18bb24c9d2d40a543bf5d9) Importer(815301076,1909f56bfc062723c751e8b465ee728b)
Start importing Assets/Photon/PhotonVoice/Demos/DemoVoiceUI/Media/OSR_us_000_0060_8k.wav using Guid(1c04c1800b18bb24c9d2d40a543bf5d9) Importer(815301076,1909f56bfc062723c751e8b465ee728b)  -> (artifact id: 'f35bd9d23b851729520387b166133475') in 0.571037 seconds 
  Import took 0.577616 seconds .

========================================================================
Received Import Request.
  Time since last request: 0.001007 seconds.
  path: Assets/Demo/Free-Beats-Instrumentals-AFRO-BEAT-2020 (1).mp3
  artifactKey: Guid(b1620a1d4bbab4579a3418639194ab64) Importer(815301076,1909f56bfc062723c751e8b465ee728b)
Start importing Assets/Demo/Free-Beats-Instrumentals-AFRO-BEAT-2020 (1).mp3 using Guid(b1620a1d4bbab4579a3418639194ab64) Importer(815301076,1909f56bfc062723c751e8b465ee728b)  -> (artifact id: 'f669e2c2424250fbe563773cff48d792') in 0.007636 seconds 
  Import took 0.012445 seconds .

========================================================================
Received Import Request.
  Time since last request: 0.003108 seconds.
  path: Assets/Photon/PhotonVoice/Demos/DemoVoicePun/Audio/Pop-J_Fairba-8421_hifi.mp3
  artifactKey: Guid(f60c28e299c51fd47b838b76f2f9ec17) Importer(815301076,1909f56bfc062723c751e8b465ee728b)
Start importing Assets/Photon/PhotonVoice/Demos/DemoVoicePun/Audio/Pop-J_Fairba-8421_hifi.mp3 using Guid(f60c28e299c51fd47b838b76f2f9ec17) Importer(815301076,1909f56bfc062723c751e8b465ee728b)  -> (artifact id: '19e5a8cb18fdb4e7abf1a98f6f549176') in 0.008972 seconds 
  Import took 0.014261 seconds .

========================================================================
Received Prepare
Registering precompiled user dll's ...
Registered in 0.014558 seconds.
Begin MonoManager ReloadAssembly
Native extension for Lumin target not found
Native extension for LinuxStandalone target not found
Native extension for WindowsStandalone target not found
Native extension for OSXStandalone target not found
Native extension for WebGL target not found
Refreshing native plugins compatible for Editor in 1.20 ms, found 6 plugins.
Preloading 0 native plugins for Editor in 0.00 ms.
Mono: successfully reloaded assembly
- Completed reload, in  2.654 seconds
Domain Reload Profiling:
	ReloadAssembly (2656ms)
		BeginReloadAssembly (338ms)
			ExecutionOrderSort (0ms)
			DisableScriptedObjects (31ms)
			BackupInstance (0ms)
			ReleaseScriptingObjects (0ms)
			CreateAndSetChildDomain (148ms)
		EndReloadAssembly (2206ms)
			LoadAssemblies (251ms)
			RebuildTransferFunctionScriptingTraits (1ms)
			SetupTypeCache (416ms)
			ReleaseScriptCaches (1ms)
			RebuildScriptCaches (55ms)
			SetupLoadedEditorAssemblies (1202ms)
				LogAssemblyErrors (0ms)
				InitializePlatformSupportModulesInManaged (24ms)
				SetLoadedEditorAssemblies (2ms)
				RefreshPlugins (1ms)
				BeforeProcessingInitializeOnLoad (284ms)
				ProcessInitializeOnLoadAttributes (855ms)
				ProcessInitializeOnLoadMethodAttributes (35ms)
				AfterProcessingInitializeOnLoad (1ms)
				EditorAssembliesLoaded (1ms)
			ExecutionOrderSort2 (0ms)
			AwakeInstancesAfterBackupRestoration (33ms)
Platform modules already initialized, skipping
Refreshing native plugins compatible for Editor in 1.60 ms, found 6 plugins.
Preloading 0 native plugins for Editor in 0.00 ms.
Unloading 2245 Unused Serialized files (Serialized files now loaded: 0)
System memory in use before: 235.9 MB.
System memory in use after: 235.9 MB.

Unloading 129 unused Assets to reduce memory usage. Loaded Objects now: 2719.
Total: 2.482958 ms (FindLiveObjects: 0.126500 ms CreateObjectMapping: 0.043500 ms MarkObjects: 2.129334 ms  DeleteObjects: 0.182625 ms)

AssetImportParameters requested are different than current active one (requested -> active):
  custom:video-decoder-ogg-theora: a1e56fd34408186e4bbccfd4996cb3dc -> 
  custom:container-muxer-webm: aa71ff27fc2769a1b78a27578f13a17b -> 
  custom:container-demuxer-webm: 4f35f7cbe854078d1ac9338744f61a02 -> 
  custom:container-demuxer-ogg: 62fdf1f143b41e24485cea50d1cbac27 -> 
  custom:video-encoder-webm-vp8: eb34c28f22e8b96e1ab97ce403110664 -> 
  custom:framework-osx-AVFoundation: e770b220cccbd017edd2c1fefb359320 -> 
  custom:video-decoder-webm-vp8: 9c59270c3fd7afecdb556c50c9e8de78 -> 
  custom:audio-decoder-ogg-vorbis: bf7c407c2cedff20999df2af8eb42d56 -> 
  custom:audio-encoder-webm-vorbis: bf7c407c2cedff20999df2af8eb42d56 -> 
========================================================================
Received Prepare
Registering precompiled user dll's ...
Registered in 0.013236 seconds.
Begin MonoManager ReloadAssembly
Native extension for Lumin target not found
Native extension for LinuxStandalone target not found
Native extension for WindowsStandalone target not found
Native extension for OSXStandalone target not found
Native extension for WebGL target not found
Refreshing native plugins compatible for Editor in 1.27 ms, found 6 plugins.
Preloading 0 native plugins for Editor in 0.00 ms.
Mono: successfully reloaded assembly
- Completed reload, in  2.810 seconds
Domain Reload Profiling:
	ReloadAssembly (2817ms)
		BeginReloadAssembly (378ms)
			ExecutionOrderSort (0ms)
			DisableScriptedObjects (53ms)
			BackupInstance (0ms)
			ReleaseScriptingObjects (0ms)
			CreateAndSetChildDomain (138ms)
		EndReloadAssembly (2296ms)
			LoadAssemblies (333ms)
			RebuildTransferFunctionScriptingTraits (2ms)
			SetupTypeCache (420ms)
			ReleaseScriptCaches (1ms)
			RebuildScriptCaches (55ms)
			SetupLoadedEditorAssemblies (1205ms)
				LogAssemblyErrors (0ms)
				InitializePlatformSupportModulesInManaged (30ms)
				SetLoadedEditorAssemblies (3ms)
				RefreshPlugins (1ms)
				BeforeProcessingInitializeOnLoad (291ms)
				ProcessInitializeOnLoadAttributes (838ms)
				ProcessInitializeOnLoadMethodAttributes (41ms)
				AfterProcessingInitializeOnLoad (1ms)
				EditorAssembliesLoaded (1ms)
			ExecutionOrderSort2 (0ms)
			AwakeInstancesAfterBackupRestoration (35ms)
Platform modules already initialized, skipping
Refreshing native plugins compatible for Editor in 1.08 ms, found 6 plugins.
Preloading 0 native plugins for Editor in 0.00 ms.
Unloading 2245 Unused Serialized files (Serialized files now loaded: 0)
System memory in use before: 236.1 MB.
System memory in use after: 236.1 MB.

Unloading 128 unused Assets to reduce memory usage. Loaded Objects now: 2722.
Total: 4.376250 ms (FindLiveObjects: 0.407041 ms CreateObjectMapping: 0.052292 ms MarkObjects: 3.704667 ms  DeleteObjects: 0.208792 ms)

AssetImportParameters requested are different than current active one (requested -> active):
  custom:video-decoder-ogg-theora: a1e56fd34408186e4bbccfd4996cb3dc -> 
  custom:container-muxer-webm: aa71ff27fc2769a1b78a27578f13a17b -> 
  custom:container-demuxer-webm: 4f35f7cbe854078d1ac9338744f61a02 -> 
  custom:container-demuxer-ogg: 62fdf1f143b41e24485cea50d1cbac27 -> 
  custom:video-encoder-webm-vp8: eb34c28f22e8b96e1ab97ce403110664 -> 
  custom:framework-osx-AVFoundation: e770b220cccbd017edd2c1fefb359320 -> 
  custom:video-decoder-webm-vp8: 9c59270c3fd7afecdb556c50c9e8de78 -> 
  custom:audio-decoder-ogg-vorbis: bf7c407c2cedff20999df2af8eb42d56 -> 
  custom:audio-encoder-webm-vorbis: bf7c407c2cedff20999df2af8eb42d56 -> 
